<?xml version="1.0" encoding="UTF-8"?>
<!-- Generated by org.testng.reporters.JUnitXMLReporter -->
<testsuite hostname="DESKTOP-2AOU0QJ" ignored="0" name="Default test(failed)" tests="1" failures="1" timestamp="2022-07-19T00:49:34 IST" time="9.824" errors="0">
  <testcase name="CreateLead" time="0.4" classname="com.vtiger.test.LeadTest">
    <failure type="java.lang.IllegalArgumentException" message="Input must be set">
      <![CDATA[java.lang.IllegalArgumentException: Input must be set
at org.openqa.selenium.internal.Require.nonNull(Require.java:59)
at org.openqa.selenium.support.ui.FluentWait.<init>(FluentWait.java:97)
at org.openqa.selenium.support.ui.WebDriverWait.<init>(WebDriverWait.java:77)
at org.openqa.selenium.support.ui.WebDriverWait.<init>(WebDriverWait.java:46)
at com.vtiger.common.GenericMethods.<init>(GenericMethods.java:22)
at com.vtiger.pages.LoginPage.<init>(LoginPage.java:23)
at com.vtiger.test.LeadTest.CreateLead(LeadTest.java:34)
at java.util.ArrayList.forEach(ArrayList.java:1257)
... Removed 27 stack frames]]>
    </failure>
  </testcase> <!-- CreateLead -->
</testsuite> <!-- Default test(failed) -->
