<?xml version="1.0" encoding="UTF-8"?>
<!-- Generated by org.testng.reporters.JUnitXMLReporter -->
<testsuite hostname="DESKTOP-2AOU0QJ" ignored="2" name="Test" tests="3" failures="0" timestamp="2022-07-19T22:32:56 IST" time="69.573" errors="0">
  <testcase name="ValidLogin" time="26.618" classname="com.vtiger.test.LoginTest"/>
  <testcase name="CreateLead" time="7.81" classname="com.vtiger.test.LeadTest"/>
  <testcase name="CreateAccount" time="13.999" classname="com.vtiger.test.AccountTest"/>
  <testcase name="@BeforeSuite SetupPreConditions" time="0.0" classname="com.vtiger.test.BaseTest">
    <ignored/>
  </testcase> <!-- @BeforeSuite SetupPreConditions -->
  <testcase name="@BeforeSuite SetupPreConditions" time="0.0" classname="com.vtiger.test.BaseTest">
    <ignored/>
  </testcase> <!-- @BeforeSuite SetupPreConditions -->
</testsuite> <!-- Test -->
