<?xml version="1.0" encoding="UTF-8"?>
<testng-results skipped="0" failed="0" ignored="2" total="5" passed="3">
  <reporter-output>
  </reporter-output>
  <suite name="Suite" duration-ms="69573" started-at="2022-07-19T22:31:46 IST" finished-at="2022-07-19T22:32:56 IST">
    <groups>
    </groups>
    <test name="Test" duration-ms="69573" started-at="2022-07-19T22:31:46 IST" finished-at="2022-07-19T22:32:56 IST">
      <class name="com.vtiger.test.LeadTest">
        <test-method status="PASS" signature="LaunchApp()[pri:0, instance:com.vtiger.test.LeadTest@631330c]" name="LaunchApp" is-config="true" duration-ms="4005" started-at="2022-07-19T22:32:24 IST" finished-at="2022-07-19T22:32:28 IST">
          <reporter-output>
          </reporter-output>
        </test-method> <!-- LaunchApp -->
        <test-method status="PASS" signature="CreateLead()[pri:0, instance:com.vtiger.test.LeadTest@631330c]" name="CreateLead" duration-ms="7810" started-at="2022-07-19T22:32:28 IST" finished-at="2022-07-19T22:32:36 IST">
          <reporter-output>
          </reporter-output>
        </test-method> <!-- CreateLead -->
        <test-method status="PASS" signature="CloseApp()[pri:0, instance:com.vtiger.test.LeadTest@631330c]" name="CloseApp" is-config="true" duration-ms="875" started-at="2022-07-19T22:32:36 IST" finished-at="2022-07-19T22:32:37 IST">
          <reporter-output>
          </reporter-output>
        </test-method> <!-- CloseApp -->
      </class> <!-- com.vtiger.test.LeadTest -->
      <class name="com.vtiger.test.AccountTest">
        <test-method status="PASS" signature="LaunchApp()[pri:0, instance:com.vtiger.test.AccountTest@42f93a98]" name="LaunchApp" is-config="true" duration-ms="4356" started-at="2022-07-19T22:32:37 IST" finished-at="2022-07-19T22:32:41 IST">
          <reporter-output>
          </reporter-output>
        </test-method> <!-- LaunchApp -->
        <test-method status="PASS" signature="CreateAccount()[pri:0, instance:com.vtiger.test.AccountTest@42f93a98]" name="CreateAccount" duration-ms="13999" started-at="2022-07-19T22:32:41 IST" finished-at="2022-07-19T22:32:55 IST">
          <reporter-output>
          </reporter-output>
        </test-method> <!-- CreateAccount -->
        <test-method status="PASS" signature="CloseApp()[pri:0, instance:com.vtiger.test.AccountTest@42f93a98]" name="CloseApp" is-config="true" duration-ms="765" started-at="2022-07-19T22:32:55 IST" finished-at="2022-07-19T22:32:56 IST">
          <reporter-output>
          </reporter-output>
        </test-method> <!-- CloseApp -->
      </class> <!-- com.vtiger.test.AccountTest -->
      <class name="com.vtiger.test.LoginTest">
        <test-method status="PASS" signature="SetupPreConditions()[pri:0, instance:com.vtiger.test.LoginTest@2353b3e6]" name="SetupPreConditions" is-config="true" duration-ms="421" started-at="2022-07-19T22:31:46 IST" finished-at="2022-07-19T22:31:46 IST">
          <reporter-output>
          </reporter-output>
        </test-method> <!-- SetupPreConditions -->
        <test-method status="PASS" signature="LaunchApp()[pri:0, instance:com.vtiger.test.LoginTest@2353b3e6]" name="LaunchApp" is-config="true" duration-ms="10071" started-at="2022-07-19T22:31:46 IST" finished-at="2022-07-19T22:31:56 IST">
          <reporter-output>
          </reporter-output>
        </test-method> <!-- LaunchApp -->
        <test-method status="PASS" signature="ValidLogin()[pri:0, instance:com.vtiger.test.LoginTest@2353b3e6]" name="ValidLogin" duration-ms="26618" started-at="2022-07-19T22:31:56 IST" finished-at="2022-07-19T22:32:23 IST">
          <reporter-output>
          </reporter-output>
        </test-method> <!-- ValidLogin -->
        <test-method status="PASS" signature="CloseApp()[pri:0, instance:com.vtiger.test.LoginTest@2353b3e6]" name="CloseApp" is-config="true" duration-ms="950" started-at="2022-07-19T22:32:23 IST" finished-at="2022-07-19T22:32:24 IST">
          <reporter-output>
          </reporter-output>
        </test-method> <!-- CloseApp -->
      </class> <!-- com.vtiger.test.LoginTest -->
    </test> <!-- Test -->
  </suite> <!-- Suite -->
</testng-results>
